nohup: ignoring input

> startup-nextjs-template@2.2.0 dev
> next dev

 ⚠ Invalid next.config.js options detected: 
 ⚠     Unrecognized key(s) in object: 'outputFileTracingRoot' at "experimental"
 ⚠ See more info here: https://nextjs.org/docs/messages/invalid-next-config
 ⚠ `experimental.outputFileTracingRoot` has been moved to `outputFileTracingRoot`. Please update your next.config.js file accordingly.
   ▲ Next.js 15.5.3
   - Local:        http://localhost:3000
   - Network:      http://192.168.1.10:3000
   - Environments: .env.local, .env
   - Experiments (use with caution):
     · outputFileTracingRoot: "/home/gyani/Desktop/ramesh/mahalaxmi"

 ✓ Starting...
 ✓ Ready in 2.3s
 ○ Compiling / ...
 ✓ Compiled / in 824ms (692 modules)
 HEAD / 200 in 1199ms
 ○ Compiling /admin/login ...
 ✓ Compiled /admin/login in 525ms (654 modules)
 HEAD /admin/login 200 in 729ms
 ✓ Compiled / in 294ms (434 modules)
 GET / 200 in 831ms
 ✓ Compiled /_not-found in 358ms (704 modules)
 GET /api/blogs?published=true&limit=3 404 in 512ms
 GET / 200 in 297ms
 GET /api/blogs?published=true&limit=3 404 in 59ms
 GET /admin/login 200 in 123ms
 ○ Compiling /admin/dashboard ...
 ✓ Compiled /admin/dashboard in 664ms (706 modules)
 GET /admin/dashboard 200 in 752ms
 ✓ Compiled /_not-found in 238ms (711 modules)
 GET /api/auth/profile 404 in 574ms
 GET /api/auth/profile 404 in 57ms
 GET /admin/login 200 in 30ms
 GET /admin/login 200 in 23ms
 GET /admin/dashboard 200 in 23ms
 GET /api/auth/profile 404 in 92ms
 GET /api/auth/profile 404 in 48ms
 GET /admin/login 200 in 23ms
 GET /admin/login 200 in 22ms
 GET /admin/dashboard 200 in 21ms
 GET /api/auth/profile 404 in 107ms
 GET /api/auth/profile 404 in 53ms
 GET /admin/login 200 in 21ms
 GET /admin/login 200 in 16ms
 GET /admin/dashboard 200 in 26ms
 GET /api/auth/profile 404 in 114ms
 GET /api/auth/profile 404 in 51ms
 GET /admin/login 200 in 19ms
 GET /admin/login 200 in 20ms
 ✓ Compiled in 364ms (701 modules)
 GET /admin/login 200 in 283ms
 ✓ Compiled /admin/dashboard in 174ms (439 modules)
 GET /admin/dashboard 200 in 242ms
 ✓ Compiled /_not-found in 233ms (711 modules)
 GET /api/auth/profile 404 in 473ms
 GET /api/auth/profile 404 in 63ms
 GET /admin/login 200 in 26ms
 GET /admin/login 200 in 32ms
 GET /admin/dashboard 200 in 34ms
 GET /admin/login 200 in 25ms
 GET /admin/login 200 in 17ms
 GET /admin/dashboard 200 in 17ms
 GET /admin/login 200 in 24ms
 GET /admin/login 200 in 21ms
 GET / 200 in 82ms
 GET /api/blogs?published=true&limit=3 404 in 113ms
 GET /api/blogs?published=true&limit=3 404 in 55ms
 ✓ Compiled /about in 403ms (717 modules)
 GET /about 200 in 502ms
 ✓ Compiled /blog in 337ms (724 modules)
 GET /blog 200 in 529ms
 ✓ Compiled /contact in 292ms (729 modules)
 GET /contact 200 in 375ms
 GET / 200 in 60ms
 GET /api/blogs?published=true&limit=3 404 in 174ms
 GET /api/blogs?published=true&limit=3 404 in 43ms
 GET /blog 200 in 47ms
 GET /blog/undefined 404 in 26ms
 GET /blog/undefined 404 in 61ms
 GET /blog 200 in 41ms
 GET /blog/undefined 404 in 15ms
 GET /blog/undefined 404 in 55ms
 GET /blog 200 in 41ms
 GET / 200 in 73ms
 GET /api/blogs?published=true&limit=3 404 in 112ms
 GET /api/blogs?published=true&limit=3 404 in 51ms
 GET /about 200 in 34ms
 GET /blog 200 in 41ms
 GET /contact 200 in 26ms
 GET /blog 200 in 44ms
 GET /about 200 in 38ms
 GET / 200 in 58ms
 GET /api/blogs?published=true&limit=3 404 in 105ms
 GET /api/blogs?published=true&limit=3 404 in 47ms
 GET /blog 200 in 60ms
 GET /contact 200 in 59ms
 GET / 200 in 101ms
 GET /api/blogs?published=true&limit=3 404 in 174ms
 GET /api/blogs?published=true&limit=3 404 in 85ms
 ✓ Compiled in 684ms (719 modules)
 ✓ Compiled /_not-found in 454ms (724 modules)
 GET /api/blogs?published=true&limit=3 404 in 813ms
 GET /api/blogs?published=true&limit=3 404 in 129ms
 GET /api/blogs?published=true&limit=3 404 in 132ms
 GET /api/blogs?published=true&limit=3 404 in 65ms
 GET /admin/login 200 in 293ms
 ✓ Compiled in 789ms (724 modules)
 GET /admin/login 200 in 50ms
 GET / 200 in 967ms
 GET / 200 in 716ms
 GET / 200 in 127ms
 GET / 200 in 72ms
 ✓ Compiled in 249ms (270 modules)
 HEAD / 200 in 279ms
 HEAD /admin/login 200 in 55ms
 GET /admin/login 200 in 107ms
 ○ Compiling /admin/dashboard ...
 ✓ Compiled /admin/dashboard in 555ms (454 modules)
 GET /admin/dashboard 200 in 666ms
 ○ Compiling /_not-found ...
 ✓ Compiled /_not-found in 545ms (729 modules)
 GET /api/auth/profile 404 in 923ms
 GET /api/auth/profile 404 in 62ms
 GET /admin/login 200 in 33ms
 GET /admin/login 200 in 34ms
 GET /contact 200 in 45ms
 GET /blog 200 in 73ms
